Unity Editor version:    2020.3.24f1 (79c78de19888)
Branch:                  2020.3/staging
Build type:              Release
Batch mode:              YES
macOS version:           Version 14.5 (Build 23F79)
Darwin version:          23.5.0
Architecture:            x86_64
Running under Rosetta:   YES
Available memory:        16384 MB
Using pre-set license
Pro License: NO

COMMAND LINE ARGUMENTS:
/Applications/Unity/Hub/Editor/2020.3.24f1/Unity.app/Contents/MacOS/Unity
-adb2
-batchMode
-noUpm
-name
AssetImportWorker0
-projectPath
/Users/pizza/Downloads/MIRA-main 6/mira
-logFile
Logs/AssetImportWorker0.log
-srvPort
58571
Successfully changed project path to: /Users/pizza/Downloads/MIRA-main 6/mira
/Users/pizza/Downloads/MIRA-main 6/mira
Using Asset Import Pipeline V2.
Refreshing native plugins compatible for Editor in 101.50 ms, found 3 plugins.
Preloading 0 native plugins for Editor in 0.00 ms.
Initialize engine version: 2020.3.24f1 (79c78de19888)
[Subsystems] Discovering subsystems at path /Applications/Unity/Hub/Editor/2020.3.24f1/Unity.app/Contents/Resources/UnitySubsystems
[Subsystems] Discovering subsystems at path /Users/pizza/Downloads/MIRA-main 6/mira/Assets
GfxDevice: creating device client; threaded=0
2024-07-30 16:15:36.372 Unity[10820:288562] (null) preferred device: Apple M3 (high power)
2024-07-30 16:15:36.372 Unity[10820:288562] Metal devices available: 1
2024-07-30 16:15:36.372 Unity[10820:288562] 0: Apple M3 (high power)
2024-07-30 16:15:36.372 Unity[10820:288562] Using device Apple M3 (high power)
Initializing Metal device caps: Apple M3
Initialize mono
Mono path[0] = '/Applications/Unity/Hub/Editor/2020.3.24f1/Unity.app/Contents/Managed'
Mono path[1] = '/Applications/Unity/Hub/Editor/2020.3.24f1/Unity.app/Contents/MonoBleedingEdge/lib/mono/unityjit'
Mono config path = '/Applications/Unity/Hub/Editor/2020.3.24f1/Unity.app/Contents/MonoBleedingEdge/etc'
Using monoOptions --debugger-agent=transport=dt_socket,embedding=1,server=y,suspend=n,address=127.0.0.1:56820
Begin MonoManager ReloadAssembly
Registering precompiled unity dll's ...
Register platform support module: /Applications/Unity/Hub/Editor/2020.3.24f1/PlaybackEngines/WebGLSupport/UnityEditor.WebGL.Extensions.dll
Register platform support module: /Applications/Unity/Hub/Editor/2020.3.24f1/Unity.app/Contents/PlaybackEngines/MacStandaloneSupport/UnityEditor.OSXStandalone.Extensions.dll
Register platform support module: /Applications/Unity/Hub/Editor/2020.3.24f1/PlaybackEngines/WindowsStandaloneSupport/UnityEditor.WindowsStandalone.Extensions.dll
Registered in 0.001906 seconds.
Native extension for WindowsStandalone target not found
Native extension for OSXStandalone target not found
Native extension for WebGL target not found
Refreshing native plugins compatible for Editor in 95.22 ms, found 3 plugins.
Preloading 0 native plugins for Editor in 0.00 ms.
Mono: successfully reloaded assembly
- Completed reload, in  1.496 seconds
Domain Reload Profiling:
	ReloadAssembly (1496ms)
		BeginReloadAssembly (90ms)
			ExecutionOrderSort (0ms)
			DisableScriptedObjects (0ms)
			BackupInstance (0ms)
			ReleaseScriptingObjects (0ms)
			CreateAndSetChildDomain (2ms)
		EndReloadAssembly (1265ms)
			LoadAssemblies (90ms)
			RebuildTransferFunctionScriptingTraits (0ms)
			SetupTypeCache (191ms)
			ReleaseScriptCaches (0ms)
			RebuildScriptCaches (40ms)
			SetupLoadedEditorAssemblies (669ms)
				LogAssemblyErrors (0ms)
				InitializePlatformSupportModulesInManaged (17ms)
				SetLoadedEditorAssemblies (0ms)
				RefreshPlugins (95ms)
				BeforeProcessingInitializeOnLoad (97ms)
				ProcessInitializeOnLoadAttributes (344ms)
				ProcessInitializeOnLoadMethodAttributes (114ms)
				AfterProcessingInitializeOnLoad (0ms)
				EditorAssembliesLoaded (1ms)
			ExecutionOrderSort2 (0ms)
			AwakeInstancesAfterBackupRestoration (0ms)
Platform modules already initialized, skipping
Registering precompiled user dll's ...
Registered in 0.005741 seconds.
Begin MonoManager ReloadAssembly
Native extension for WindowsStandalone target not found
Native extension for OSXStandalone target not found
Native extension for WebGL target not found
Refreshing native plugins compatible for Editor in 98.78 ms, found 3 plugins.
Preloading 0 native plugins for Editor in 0.00 ms.
Mono: successfully reloaded assembly
- Completed reload, in  2.819 seconds
Domain Reload Profiling:
	ReloadAssembly (2822ms)
		BeginReloadAssembly (269ms)
			ExecutionOrderSort (0ms)
			DisableScriptedObjects (37ms)
			BackupInstance (0ms)
			ReleaseScriptingObjects (0ms)
			CreateAndSetChildDomain (34ms)
		EndReloadAssembly (2460ms)
			LoadAssemblies (234ms)
			RebuildTransferFunctionScriptingTraits (0ms)
			SetupTypeCache (388ms)
			ReleaseScriptCaches (1ms)
			RebuildScriptCaches (82ms)
			SetupLoadedEditorAssemblies (1360ms)
				LogAssemblyErrors (0ms)
				InitializePlatformSupportModulesInManaged (15ms)
				SetLoadedEditorAssemblies (0ms)
				RefreshPlugins (99ms)
				BeforeProcessingInitializeOnLoad (228ms)
				ProcessInitializeOnLoadAttributes (951ms)
				ProcessInitializeOnLoadMethodAttributes (64ms)
				AfterProcessingInitializeOnLoad (1ms)
				EditorAssembliesLoaded (0ms)
			ExecutionOrderSort2 (0ms)
			AwakeInstancesAfterBackupRestoration (47ms)
Platform modules already initialized, skipping
Validating Project structure ... 0.032636 seconds.
Shader import version has changed; will reimport all shaders...
Upgrading shader files ...0.056596 seconds.
Application.AssetDatabase Initial Script Refresh Start
RefreshInfo: InitialScriptRefreshV2(NoUpdateAssetOptions) scanfilter:  ... 1 filters
RefreshProfiler: Total: 0.000ms
Application.AssetDatabase Initial Script Refresh End
Application.AssetDatabase.Refresh Start
Application.AssetDatabase.Refresh End
RefreshInfo: StopAssetImportingV2(ForceSynchronousImport) scanfilter: 
RefreshProfiler: Total: 0.000ms
Launching external process: /Applications/Unity/Hub/Editor/2020.3.24f1/Unity.app/Contents/Tools/UnityShaderCompiler
Launched and connected shader compiler UnityShaderCompiler after 0.07 seconds
Initializing Unity extensions:
2024-07-30 16:15:42.992 Unity[10820:288562] NSEventModifierFlagFunction specified to -setKeyEquivalentModifierMask: for item <NSMenuItem: 0x7fc65733fa70 Font Asset, ke='Command-F12'>, but is only supported for system-provided menu items; will not be used
2024-07-30 16:15:43.002 Unity[10820:288562] NSEventModifierFlagFunction specified to -setKeyEquivalentModifierMask: for item <NSMenuItem: 0x7fc657560260 Font Asset, ke='Command-F12'>, but is only supported for system-provided menu items; will not be used
========================================================================
Worker process is ready to serve import requests
Refreshing native plugins compatible for Editor in 0.85 ms, found 3 plugins.
Preloading 0 native plugins for Editor in 0.00 ms.
Unloading 3299 Unused Serialized files (Serialized files now loaded: 0)
System memory in use before: 143.9 MB.
System memory in use after: 143.9 MB.

Unloading 549 unused Assets to reduce memory usage. Loaded Objects now: 3791.
Total: 4.287958 ms (FindLiveObjects: 0.459166 ms CreateObjectMapping: 0.123542 ms MarkObjects: 3.283583 ms  DeleteObjects: 0.420459 ms)

AssetImportParameters requested are different than current active one (requested -> active):
  custom:video-decoder-ogg-theora: a1e56fd34408186e4bbccfd4996cb3dc -> 
  custom:container-muxer-webm: aa71ff27fc2769a1b78a27578f13a17b -> 
  custom:container-demuxer-webm: 4f35f7cbe854078d1ac9338744f61a02 -> 
  custom:container-demuxer-ogg: 62fdf1f143b41e24485cea50d1cbac27 -> 
  custom:video-encoder-webm-vp8: eb34c28f22e8b96e1ab97ce403110664 -> 
  custom:framework-osx-AVFoundation: e770b220cccbd017edd2c1fefb359320 -> 
  custom:video-decoder-webm-vp8: 9c59270c3fd7afecdb556c50c9e8de78 -> 
  custom:audio-decoder-ogg-vorbis: bf7c407c2cedff20999df2af8eb42d56 -> 
  custom:audio-encoder-webm-vorbis: bf7c407c2cedff20999df2af8eb42d56 -> 
========================================================================
Received Import Request.
  path: Assets/Game/Resources/Skills/pluto/boombbo.asset
  artifactKey: Guid(aa9ca5543c90342bdb5b4e3d57293175) Importer(815301076,1909f56bfc062723c751e8b465ee728b)
Start importing Assets/Game/Resources/Skills/pluto/boombbo.asset using Guid(aa9ca5543c90342bdb5b4e3d57293175) Importer(815301076,1909f56bfc062723c751e8b465ee728b)  -> (artifact id: 'e8b4caf9b09d2f233167f166eae4f595') in 0.709558 seconds 
  Import took 0.718886 seconds .

========================================================================
Received Import Request.
  Time since last request: 0.001276 seconds.
  path: Assets/Game/Resources/Skills/pluto/aestriASIF.asset
  artifactKey: Guid(d359f568c1785445cbb46c27da7d2f1f) Importer(815301076,1909f56bfc062723c751e8b465ee728b)
Start importing Assets/Game/Resources/Skills/pluto/aestriASIF.asset using Guid(d359f568c1785445cbb46c27da7d2f1f) Importer(815301076,1909f56bfc062723c751e8b465ee728b)  -> (artifact id: '92336140cf217078abaac37918adf6d7') in 0.003140 seconds 
  Import took 0.008232 seconds .

========================================================================
Received Import Request.
  Time since last request: 236.662719 seconds.
  path: ProjectSettings/TagManager.asset
  artifactKey: Guid(00000000000000003000000000000000) Importer(815301076,1909f56bfc062723c751e8b465ee728b)
Start importing ProjectSettings/TagManager.asset using Guid(00000000000000003000000000000000) Importer(815301076,1909f56bfc062723c751e8b465ee728b)  -> (artifact id: 'a3a7f9b210ada2e55cdf58901ecbdbfb') in 0.032054 seconds 
  Import took 0.056320 seconds .

========================================================================
Received Import Request.
  Time since last request: 119.661801 seconds.
  path: Assets/Game/Resources/Party/Lilith.asset
  artifactKey: Guid(61ccc0d4f1e510445afbeb613c72a2c6) Importer(815301076,1909f56bfc062723c751e8b465ee728b)
Start importing Assets/Game/Resources/Party/Lilith.asset using Guid(61ccc0d4f1e510445afbeb613c72a2c6) Importer(815301076,1909f56bfc062723c751e8b465ee728b)  -> (artifact id: 'c1ba17691d76c31d18bd00c87b23bd8d') in 0.011944 seconds 
  Import took 0.023575 seconds .

========================================================================
Received Import Request.
  Time since last request: 70.190952 seconds.
  path: Assets/Art/tilemaps/Tiles-SandstoneDungeons.png
  artifactKey: Guid(8f70204f758cf8c42889f688e2b1eaf0) Importer(815301076,1909f56bfc062723c751e8b465ee728b)
Start importing Assets/Art/tilemaps/Tiles-SandstoneDungeons.png using Guid(8f70204f758cf8c42889f688e2b1eaf0) Importer(815301076,1909f56bfc062723c751e8b465ee728b)  -> (artifact id: 'd977e87e215d7caca30bbf75c0bcde02') in 1.095884 seconds 
  Import took 1.110638 seconds .

========================================================================
Received Import Request.
  Time since last request: 1045.820362 seconds.
  path: Assets/Art/tilemaps/Water+.png
  artifactKey: Guid(fceac65c52f72404fbc92fe78dcbdc2c) Importer(815301076,1909f56bfc062723c751e8b465ee728b)
Start importing Assets/Art/tilemaps/Water+.png using Guid(fceac65c52f72404fbc92fe78dcbdc2c) Importer(815301076,1909f56bfc062723c751e8b465ee728b)  -> (artifact id: '04890d0d5104fc52b4c276b3343d245b') in 0.057671 seconds 
  Import took 0.080430 seconds .

========================================================================
Received Import Request.
  Time since last request: 7.550796 seconds.
  path: Assets/Art/tilemaps/Water+.png
  artifactKey: Guid(fceac65c52f72404fbc92fe78dcbdc2c) Importer(815301076,1909f56bfc062723c751e8b465ee728b)
Start importing Assets/Art/tilemaps/Water+.png using Guid(fceac65c52f72404fbc92fe78dcbdc2c) Importer(815301076,1909f56bfc062723c751e8b465ee728b)  -> (artifact id: '7698e5c40cdfa4bcb79ba18652d31b50') in 0.045643 seconds 
  Import took 0.057565 seconds .

========================================================================
Received Import Request.
  Time since last request: 3.799672 seconds.
  path: Assets/Art/tilemaps/Water+.png
  artifactKey: Guid(fceac65c52f72404fbc92fe78dcbdc2c) Importer(815301076,1909f56bfc062723c751e8b465ee728b)
Start importing Assets/Art/tilemaps/Water+.png using Guid(fceac65c52f72404fbc92fe78dcbdc2c) Importer(815301076,1909f56bfc062723c751e8b465ee728b)  -> (artifact id: '71bb4d4a1ba38632ab9552d79ae766d1') in 0.017970 seconds 
  Import took 0.026872 seconds .

========================================================================
Received Import Request.
  Time since last request: 14.062383 seconds.
  path: Assets/Art/tilemaps/Water+.png
  artifactKey: Guid(fceac65c52f72404fbc92fe78dcbdc2c) Importer(815301076,1909f56bfc062723c751e8b465ee728b)
Start importing Assets/Art/tilemaps/Water+.png using Guid(fceac65c52f72404fbc92fe78dcbdc2c) Importer(815301076,1909f56bfc062723c751e8b465ee728b)  -> (artifact id: '6caac1e2a41e0eb69039c2674a844fed') in 0.462088 seconds 
  Import took 0.471943 seconds .

========================================================================
Received Import Request.
  Time since last request: 7.908614 seconds.
  path: Assets/Art/tilemaps/Water+.png
  artifactKey: Guid(fceac65c52f72404fbc92fe78dcbdc2c) Importer(815301076,1909f56bfc062723c751e8b465ee728b)
Start importing Assets/Art/tilemaps/Water+.png using Guid(fceac65c52f72404fbc92fe78dcbdc2c) Importer(815301076,1909f56bfc062723c751e8b465ee728b)  -> (artifact id: '195726a8429fdc4bbdf78bbddaf73281') in 0.452918 seconds 
  Import took 0.460981 seconds .

