Unity Editor version:    2020.3.24f1 (79c78de19888)
Branch:                  2020.3/staging
Build type:              Release
Batch mode:              YES
macOS version:           Version 14.5 (Build 23F79)
Darwin version:          23.5.0
Architecture:            x86_64
Running under Rosetta:   YES
Available memory:        16384 MB
Using pre-set license
Pro License: NO

COMMAND LINE ARGUMENTS:
/Applications/Unity/Hub/Editor/2020.3.24f1/Unity.app/Contents/MacOS/Unity
-adb2
-batchMode
-noUpm
-name
AssetImportWorker0
-projectPath
/Users/pizza/Downloads/MIRA-main 7/mira
-logFile
Logs/AssetImportWorker0.log
-srvPort
63454
Successfully changed project path to: /Users/pizza/Downloads/MIRA-main 7/mira
/Users/pizza/Downloads/MIRA-main 7/mira
Using Asset Import Pipeline V2.
Refreshing native plugins compatible for Editor in 103.78 ms, found 3 plugins.
Preloading 0 native plugins for Editor in 0.00 ms.
Initialize engine version: 2020.3.24f1 (79c78de19888)
[Subsystems] Discovering subsystems at path /Applications/Unity/Hub/Editor/2020.3.24f1/Unity.app/Contents/Resources/UnitySubsystems
[Subsystems] Discovering subsystems at path /Users/pizza/Downloads/MIRA-main 7/mira/Assets
GfxDevice: creating device client; threaded=0
2024-08-02 11:06:22.955 Unity[41389:1420752] (null) preferred device: Apple M3 (high power)
2024-08-02 11:06:22.955 Unity[41389:1420752] Metal devices available: 1
2024-08-02 11:06:22.955 Unity[41389:1420752] 0: Apple M3 (high power)
2024-08-02 11:06:22.955 Unity[41389:1420752] Using device Apple M3 (high power)
Initializing Metal device caps: Apple M3
Initialize mono
Mono path[0] = '/Applications/Unity/Hub/Editor/2020.3.24f1/Unity.app/Contents/Managed'
Mono path[1] = '/Applications/Unity/Hub/Editor/2020.3.24f1/Unity.app/Contents/MonoBleedingEdge/lib/mono/unityjit'
Mono config path = '/Applications/Unity/Hub/Editor/2020.3.24f1/Unity.app/Contents/MonoBleedingEdge/etc'
Using monoOptions --debugger-agent=transport=dt_socket,embedding=1,server=y,suspend=n,address=127.0.0.1:56389
Begin MonoManager ReloadAssembly
Registering precompiled unity dll's ...
Register platform support module: /Applications/Unity/Hub/Editor/2020.3.24f1/PlaybackEngines/WebGLSupport/UnityEditor.WebGL.Extensions.dll
Register platform support module: /Applications/Unity/Hub/Editor/2020.3.24f1/Unity.app/Contents/PlaybackEngines/MacStandaloneSupport/UnityEditor.OSXStandalone.Extensions.dll
Register platform support module: /Applications/Unity/Hub/Editor/2020.3.24f1/PlaybackEngines/WindowsStandaloneSupport/UnityEditor.WindowsStandalone.Extensions.dll
Registered in 0.003869 seconds.
Native extension for WindowsStandalone target not found
Native extension for OSXStandalone target not found
Native extension for WebGL target not found
Refreshing native plugins compatible for Editor in 106.61 ms, found 3 plugins.
Preloading 0 native plugins for Editor in 0.00 ms.
Mono: successfully reloaded assembly
- Completed reload, in  1.587 seconds
Domain Reload Profiling:
	ReloadAssembly (1587ms)
		BeginReloadAssembly (104ms)
			ExecutionOrderSort (0ms)
			DisableScriptedObjects (0ms)
			BackupInstance (0ms)
			ReleaseScriptingObjects (0ms)
			CreateAndSetChildDomain (3ms)
		EndReloadAssembly (1343ms)
			LoadAssemblies (102ms)
			RebuildTransferFunctionScriptingTraits (0ms)
			SetupTypeCache (185ms)
			ReleaseScriptCaches (0ms)
			RebuildScriptCaches (40ms)
			SetupLoadedEditorAssemblies (747ms)
				LogAssemblyErrors (0ms)
				InitializePlatformSupportModulesInManaged (17ms)
				SetLoadedEditorAssemblies (0ms)
				RefreshPlugins (107ms)
				BeforeProcessingInitializeOnLoad (101ms)
				ProcessInitializeOnLoadAttributes (400ms)
				ProcessInitializeOnLoadMethodAttributes (120ms)
				AfterProcessingInitializeOnLoad (0ms)
				EditorAssembliesLoaded (1ms)
			ExecutionOrderSort2 (0ms)
			AwakeInstancesAfterBackupRestoration (0ms)
Platform modules already initialized, skipping
Registering precompiled user dll's ...
Registered in 0.007412 seconds.
Begin MonoManager ReloadAssembly
Native extension for WindowsStandalone target not found
Native extension for OSXStandalone target not found
Native extension for WebGL target not found
Refreshing native plugins compatible for Editor in 109.15 ms, found 3 plugins.
Preloading 0 native plugins for Editor in 0.00 ms.
Mono: successfully reloaded assembly
- Completed reload, in  2.875 seconds
Domain Reload Profiling:
	ReloadAssembly (2880ms)
		BeginReloadAssembly (273ms)
			ExecutionOrderSort (0ms)
			DisableScriptedObjects (42ms)
			BackupInstance (0ms)
			ReleaseScriptingObjects (0ms)
			CreateAndSetChildDomain (35ms)
		EndReloadAssembly (2509ms)
			LoadAssemblies (250ms)
			RebuildTransferFunctionScriptingTraits (0ms)
			SetupTypeCache (397ms)
			ReleaseScriptCaches (1ms)
			RebuildScriptCaches (81ms)
			SetupLoadedEditorAssemblies (1385ms)
				LogAssemblyErrors (0ms)
				InitializePlatformSupportModulesInManaged (17ms)
				SetLoadedEditorAssemblies (0ms)
				RefreshPlugins (109ms)
				BeforeProcessingInitializeOnLoad (228ms)
				ProcessInitializeOnLoadAttributes (965ms)
				ProcessInitializeOnLoadMethodAttributes (64ms)
				AfterProcessingInitializeOnLoad (1ms)
				EditorAssembliesLoaded (0ms)
			ExecutionOrderSort2 (0ms)
			AwakeInstancesAfterBackupRestoration (42ms)
Platform modules already initialized, skipping
Validating Project structure ... 0.030195 seconds.
Shader import version has changed; will reimport all shaders...
Upgrading shader files ...0.051100 seconds.
Application.AssetDatabase Initial Script Refresh Start
RefreshInfo: InitialScriptRefreshV2(NoUpdateAssetOptions) scanfilter:  ... 1 filters
RefreshProfiler: Total: 0.000ms
Application.AssetDatabase Initial Script Refresh End
Application.AssetDatabase.Refresh Start
Application.AssetDatabase.Refresh End
RefreshInfo: StopAssetImportingV2(ForceSynchronousImport) scanfilter: 
RefreshProfiler: Total: 0.000ms
Launching external process: /Applications/Unity/Hub/Editor/2020.3.24f1/Unity.app/Contents/Tools/UnityShaderCompiler
Launched and connected shader compiler UnityShaderCompiler after 0.05 seconds
Initializing Unity extensions:
2024-08-02 11:06:29.873 Unity[41389:1420752] NSEventModifierFlagFunction specified to -setKeyEquivalentModifierMask: for item <NSMenuItem: 0x7f93a5918400 Font Asset, ke='Command-F12'>, but is only supported for system-provided menu items; will not be used
2024-08-02 11:06:29.880 Unity[41389:1420752] NSEventModifierFlagFunction specified to -setKeyEquivalentModifierMask: for item <NSMenuItem: 0x7f93a5a32e70 Font Asset, ke='Command-F12'>, but is only supported for system-provided menu items; will not be used
========================================================================
Worker process is ready to serve import requests
Refreshing native plugins compatible for Editor in 0.99 ms, found 3 plugins.
Preloading 0 native plugins for Editor in 0.00 ms.
Unloading 3318 Unused Serialized files (Serialized files now loaded: 0)
System memory in use before: 145.7 MB.
System memory in use after: 145.7 MB.

Unloading 548 unused Assets to reduce memory usage. Loaded Objects now: 3815.
Total: 5.105000 ms (FindLiveObjects: 0.445500 ms CreateObjectMapping: 0.107833 ms MarkObjects: 4.050584 ms  DeleteObjects: 0.500167 ms)

AssetImportParameters requested are different than current active one (requested -> active):
  custom:video-decoder-ogg-theora: a1e56fd34408186e4bbccfd4996cb3dc -> 
  custom:container-muxer-webm: aa71ff27fc2769a1b78a27578f13a17b -> 
  custom:container-demuxer-webm: 4f35f7cbe854078d1ac9338744f61a02 -> 
  custom:container-demuxer-ogg: 62fdf1f143b41e24485cea50d1cbac27 -> 
  custom:video-encoder-webm-vp8: eb34c28f22e8b96e1ab97ce403110664 -> 
  custom:framework-osx-AVFoundation: e770b220cccbd017edd2c1fefb359320 -> 
  custom:video-decoder-webm-vp8: 9c59270c3fd7afecdb556c50c9e8de78 -> 
  custom:audio-decoder-ogg-vorbis: bf7c407c2cedff20999df2af8eb42d56 -> 
  custom:audio-encoder-webm-vorbis: bf7c407c2cedff20999df2af8eb42d56 -> 
========================================================================
Received Import Request.
  path: Assets/Plugins/Pixel Crushers/Dialogue System/Prefabs/Art/Textures/JRPG/frameSpriteMIRA.png
  artifactKey: Guid(0e4116206ce564bf8adf3e1cfcb39d8d) Importer(815301076,1909f56bfc062723c751e8b465ee728b)
Start importing Assets/Plugins/Pixel Crushers/Dialogue System/Prefabs/Art/Textures/JRPG/frameSpriteMIRA.png using Guid(0e4116206ce564bf8adf3e1cfcb39d8d) Importer(815301076,1909f56bfc062723c751e8b465ee728b)  -> (artifact id: 'ae79e1a075204d286ecda878198124f8') in 0.775578 seconds 
  Import took 0.785555 seconds .

========================================================================
Received Import Request.
  Time since last request: 5.106355 seconds.
  path: Assets/Plugins/Pixel Crushers/Dialogue System/Prefabs/Art/Textures/JRPG/frameSpriteMIRA.png
  artifactKey: Guid(0e4116206ce564bf8adf3e1cfcb39d8d) Importer(815301076,1909f56bfc062723c751e8b465ee728b)
Start importing Assets/Plugins/Pixel Crushers/Dialogue System/Prefabs/Art/Textures/JRPG/frameSpriteMIRA.png using Guid(0e4116206ce564bf8adf3e1cfcb39d8d) Importer(815301076,1909f56bfc062723c751e8b465ee728b)  -> (artifact id: '3a8d34ed7b29134ce56229a1244fc92b') in 0.021116 seconds 
  Import took 0.027634 seconds .

========================================================================
Received Import Request.
  Time since last request: 2394.023747 seconds.
  path: Assets/Plugins/Pixel Crushers/Dialogue System/Prefabs/Art/Textures/JRPG/frameSpriteMIRA.png
  artifactKey: Guid(0e4116206ce564bf8adf3e1cfcb39d8d) Importer(815301076,1909f56bfc062723c751e8b465ee728b)
Start importing Assets/Plugins/Pixel Crushers/Dialogue System/Prefabs/Art/Textures/JRPG/frameSpriteMIRA.png using Guid(0e4116206ce564bf8adf3e1cfcb39d8d) Importer(815301076,1909f56bfc062723c751e8b465ee728b)  -> (artifact id: '8c3c6099d93b2660a64a28d599b31b0a') in 0.090136 seconds 
  Import took 0.113468 seconds .

========================================================================
Received Import Request.
  Time since last request: 5.443540 seconds.
  path: Assets/Plugins/Pixel Crushers/Dialogue System/Prefabs/Art/Textures/JRPG/frameSpriteMIRA.png
  artifactKey: Guid(0e4116206ce564bf8adf3e1cfcb39d8d) Importer(815301076,1909f56bfc062723c751e8b465ee728b)
Start importing Assets/Plugins/Pixel Crushers/Dialogue System/Prefabs/Art/Textures/JRPG/frameSpriteMIRA.png using Guid(0e4116206ce564bf8adf3e1cfcb39d8d) Importer(815301076,1909f56bfc062723c751e8b465ee728b)  -> (artifact id: '7495fbecb7e4aeeac3057a520e0f4dde') in 0.015984 seconds 
  Import took 0.023266 seconds .

========================================================================
Received Import Request.
  Time since last request: 86.126611 seconds.
  path: Assets/Plugins/Pixel Crushers/Dialogue System/Prefabs/Art/Textures/JRPG/frameSpriteMIRA.png
  artifactKey: Guid(0e4116206ce564bf8adf3e1cfcb39d8d) Importer(815301076,1909f56bfc062723c751e8b465ee728b)
Start importing Assets/Plugins/Pixel Crushers/Dialogue System/Prefabs/Art/Textures/JRPG/frameSpriteMIRA.png using Guid(0e4116206ce564bf8adf3e1cfcb39d8d) Importer(815301076,1909f56bfc062723c751e8b465ee728b)  -> (artifact id: 'a7b96d62378e5bc1ce5de8f49e1d92c5') in 0.029155 seconds 
  Import took 0.036438 seconds .

========================================================================
Received Import Request.
  Time since last request: 315.764896 seconds.
  path: Assets/Plugins/Pixel Crushers/Dialogue System/Prefabs/Art/Textures/JRPG/miraDialogueFrame.png
  artifactKey: Guid(27a216db3845243dd85c12d0aec2e1b5) Importer(815301076,1909f56bfc062723c751e8b465ee728b)
Start importing Assets/Plugins/Pixel Crushers/Dialogue System/Prefabs/Art/Textures/JRPG/miraDialogueFrame.png using Guid(27a216db3845243dd85c12d0aec2e1b5) Importer(815301076,1909f56bfc062723c751e8b465ee728b)  -> (artifact id: '85dca04673a6730451a31070bf2cc5b1') in 0.097938 seconds 
  Import took 0.144499 seconds .

========================================================================
Received Import Request.
  Time since last request: 10.989639 seconds.
  path: Assets/Plugins/Pixel Crushers/Dialogue System/Prefabs/Art/Textures/JRPG/miraDialogueFrame.png
  artifactKey: Guid(27a216db3845243dd85c12d0aec2e1b5) Importer(815301076,1909f56bfc062723c751e8b465ee728b)
Start importing Assets/Plugins/Pixel Crushers/Dialogue System/Prefabs/Art/Textures/JRPG/miraDialogueFrame.png using Guid(27a216db3845243dd85c12d0aec2e1b5) Importer(815301076,1909f56bfc062723c751e8b465ee728b)  -> (artifact id: '50ef1af4ef3480d38a352d9fc7f73139') in 0.016629 seconds 
  Import took 0.023232 seconds .

========================================================================
Received Import Request.
  Time since last request: 11.845354 seconds.
  path: Assets/Plugins/Pixel Crushers/Dialogue System/Prefabs/Art/Textures/JRPG/miraDialogueFrame.png
  artifactKey: Guid(27a216db3845243dd85c12d0aec2e1b5) Importer(815301076,1909f56bfc062723c751e8b465ee728b)
Start importing Assets/Plugins/Pixel Crushers/Dialogue System/Prefabs/Art/Textures/JRPG/miraDialogueFrame.png using Guid(27a216db3845243dd85c12d0aec2e1b5) Importer(815301076,1909f56bfc062723c751e8b465ee728b)  -> (artifact id: '166f9a6443d5d7afd331ee4a52e1e038') in 0.020726 seconds 
  Import took 0.028996 seconds .

========================================================================
Received Import Request.
  Time since last request: 65.976153 seconds.
  path: Assets/Plugins/Pixel Crushers/Dialogue System/Prefabs/Art/Textures/JRPG/FrameSprite 1.png
  artifactKey: Guid(96ec20e9e44374a47aa6c91664b58e47) Importer(815301076,1909f56bfc062723c751e8b465ee728b)
Start importing Assets/Plugins/Pixel Crushers/Dialogue System/Prefabs/Art/Textures/JRPG/FrameSprite 1.png using Guid(96ec20e9e44374a47aa6c91664b58e47) Importer(815301076,1909f56bfc062723c751e8b465ee728b)  -> (artifact id: 'eaa0a9316c393a638c0a663547e9c207') in 0.039150 seconds 
  Import took 0.048530 seconds .

========================================================================
Received Import Request.
  Time since last request: 5.939851 seconds.
  path: Assets/Plugins/Pixel Crushers/Dialogue System/Prefabs/Art/Textures/JRPG/FrameSprite 1.png
  artifactKey: Guid(96ec20e9e44374a47aa6c91664b58e47) Importer(815301076,1909f56bfc062723c751e8b465ee728b)
Start importing Assets/Plugins/Pixel Crushers/Dialogue System/Prefabs/Art/Textures/JRPG/FrameSprite 1.png using Guid(96ec20e9e44374a47aa6c91664b58e47) Importer(815301076,1909f56bfc062723c751e8b465ee728b)  -> (artifact id: '41261f314ee0c9c29c3d052f1cce8d2e') in 0.016855 seconds 
  Import took 0.025752 seconds .

========================================================================
Received Import Request.
  Time since last request: 2.300784 seconds.
  path: Assets/Plugins/Pixel Crushers/Dialogue System/Prefabs/Art/Textures/JRPG/FrameSprite 1.png
  artifactKey: Guid(96ec20e9e44374a47aa6c91664b58e47) Importer(815301076,1909f56bfc062723c751e8b465ee728b)
Start importing Assets/Plugins/Pixel Crushers/Dialogue System/Prefabs/Art/Textures/JRPG/FrameSprite 1.png using Guid(96ec20e9e44374a47aa6c91664b58e47) Importer(815301076,1909f56bfc062723c751e8b465ee728b)  -> (artifact id: 'b5c82cdbeb899716ada611e7b69b2aa7') in 0.021479 seconds 
  Import took 0.028439 seconds .

========================================================================
Received Import Request.
  Time since last request: 13.644180 seconds.
  path: Assets/Plugins/Pixel Crushers/Dialogue System/Prefabs/Art/Textures/JRPG/FrameSprite 1.png
  artifactKey: Guid(96ec20e9e44374a47aa6c91664b58e47) Importer(815301076,1909f56bfc062723c751e8b465ee728b)
Start importing Assets/Plugins/Pixel Crushers/Dialogue System/Prefabs/Art/Textures/JRPG/FrameSprite 1.png using Guid(96ec20e9e44374a47aa6c91664b58e47) Importer(815301076,1909f56bfc062723c751e8b465ee728b)  -> (artifact id: '94af783afe52e0fba92abf904f8fad00') in 0.017422 seconds 
  Import took 0.024133 seconds .

========================================================================
Received Import Request.
  Time since last request: 588.560043 seconds.
  path: Assets/Plugins/Pixel Crushers/Dialogue System/Prefabs/Art/Textures/JRPG/frameName.png
  artifactKey: Guid(1b3c4378ae04a42f8b8f6de40bf683d1) Importer(815301076,1909f56bfc062723c751e8b465ee728b)
Start importing Assets/Plugins/Pixel Crushers/Dialogue System/Prefabs/Art/Textures/JRPG/frameName.png using Guid(1b3c4378ae04a42f8b8f6de40bf683d1) Importer(815301076,1909f56bfc062723c751e8b465ee728b)  -> (artifact id: '8d33b363890609c3509229ec45608952') in 0.060761 seconds 
  Import took 0.109927 seconds .

========================================================================
Received Import Request.
  Time since last request: 30.714713 seconds.
  path: Assets/Plugins/Pixel Crushers/Dialogue System/Prefabs/Art/Textures/JRPG/frameName.png
  artifactKey: Guid(1b3c4378ae04a42f8b8f6de40bf683d1) Importer(815301076,1909f56bfc062723c751e8b465ee728b)
Start importing Assets/Plugins/Pixel Crushers/Dialogue System/Prefabs/Art/Textures/JRPG/frameName.png using Guid(1b3c4378ae04a42f8b8f6de40bf683d1) Importer(815301076,1909f56bfc062723c751e8b465ee728b)  -> (artifact id: '914ab669af67ca6a8039e77f07228d18') in 0.019510 seconds 
  Import took 0.026477 seconds .

========================================================================
Received Import Request.
  Time since last request: 58.918580 seconds.
  path: Assets/Plugins/Pixel Crushers/Dialogue System/Prefabs/Art/Textures/JRPG/frameName.png
  artifactKey: Guid(1b3c4378ae04a42f8b8f6de40bf683d1) Importer(815301076,1909f56bfc062723c751e8b465ee728b)
Start importing Assets/Plugins/Pixel Crushers/Dialogue System/Prefabs/Art/Textures/JRPG/frameName.png using Guid(1b3c4378ae04a42f8b8f6de40bf683d1) Importer(815301076,1909f56bfc062723c751e8b465ee728b)  -> (artifact id: '2bef9ac47b37b7ab84037cf3fffc88cc') in 0.023499 seconds 
  Import took 0.029883 seconds .

========================================================================
Received Import Request.
  Time since last request: 67.059718 seconds.
  path: Assets/Plugins/Pixel Crushers/Dialogue System/Prefabs/Art/Textures/JRPG/frameName.png
  artifactKey: Guid(1b3c4378ae04a42f8b8f6de40bf683d1) Importer(815301076,1909f56bfc062723c751e8b465ee728b)
Start importing Assets/Plugins/Pixel Crushers/Dialogue System/Prefabs/Art/Textures/JRPG/frameName.png using Guid(1b3c4378ae04a42f8b8f6de40bf683d1) Importer(815301076,1909f56bfc062723c751e8b465ee728b)  -> (artifact id: '3d547b7ab6497f2bb68f94ebb16912ed') in 0.022934 seconds 
  Import took 0.030474 seconds .

========================================================================
Received Import Request.
  Time since last request: 60.786257 seconds.
  path: Assets/Plugins/Pixel Crushers/Dialogue System/Prefabs/Art/Textures/JRPG/frameName.png
  artifactKey: Guid(1b3c4378ae04a42f8b8f6de40bf683d1) Importer(815301076,1909f56bfc062723c751e8b465ee728b)
Start importing Assets/Plugins/Pixel Crushers/Dialogue System/Prefabs/Art/Textures/JRPG/frameName.png using Guid(1b3c4378ae04a42f8b8f6de40bf683d1) Importer(815301076,1909f56bfc062723c751e8b465ee728b)  -> (artifact id: 'fcdd08247ecb4f4ed287b300184ab1cd') in 0.026491 seconds 
  Import took 0.037804 seconds .

========================================================================
Received Import Request.
  Time since last request: 68.024219 seconds.
  path: Assets/Plugins/Pixel Crushers/Dialogue System/Prefabs/Art/Textures/JRPG/FrameSprite (1).png
  artifactKey: Guid(a866f933322ff43839de374496526366) Importer(815301076,1909f56bfc062723c751e8b465ee728b)
Start importing Assets/Plugins/Pixel Crushers/Dialogue System/Prefabs/Art/Textures/JRPG/FrameSprite (1).png using Guid(a866f933322ff43839de374496526366) Importer(815301076,1909f56bfc062723c751e8b465ee728b)  -> (artifact id: 'f68950d9c881f69d90900b04065c1dcd') in 0.032545 seconds 
  Import took 0.043765 seconds .

========================================================================
Received Import Request.
  Time since last request: 23.008831 seconds.
  path: Assets/Plugins/Pixel Crushers/Dialogue System/Prefabs/Art/Textures/JRPG/FrameSprite (1).png
  artifactKey: Guid(a866f933322ff43839de374496526366) Importer(815301076,1909f56bfc062723c751e8b465ee728b)
Start importing Assets/Plugins/Pixel Crushers/Dialogue System/Prefabs/Art/Textures/JRPG/FrameSprite (1).png using Guid(a866f933322ff43839de374496526366) Importer(815301076,1909f56bfc062723c751e8b465ee728b)  -> (artifact id: 'ec5dc3551cbc8a0b1a40c1a9ee36d5d6') in 0.015480 seconds 
  Import took 0.022049 seconds .

========================================================================
Received Import Request.
  Time since last request: 13.188396 seconds.
  path: Assets/Plugins/Pixel Crushers/Dialogue System/Prefabs/Art/Textures/JRPG/FrameSprite (1).png
  artifactKey: Guid(a866f933322ff43839de374496526366) Importer(815301076,1909f56bfc062723c751e8b465ee728b)
Start importing Assets/Plugins/Pixel Crushers/Dialogue System/Prefabs/Art/Textures/JRPG/FrameSprite (1).png using Guid(a866f933322ff43839de374496526366) Importer(815301076,1909f56bfc062723c751e8b465ee728b)  -> (artifact id: '52fd5efaa09e64dbc64463b0f3a95dde') in 0.018638 seconds 
  Import took 0.025354 seconds .

========================================================================
Received Import Request.
  Time since last request: 64.813114 seconds.
  path: Assets/Plugins/Pixel Crushers/Dialogue System/Prefabs/Art/Textures/JRPG/FrameSprite (2).png
  artifactKey: Guid(0f81aa3865ac14a20840fafe16e8d10f) Importer(815301076,1909f56bfc062723c751e8b465ee728b)
Start importing Assets/Plugins/Pixel Crushers/Dialogue System/Prefabs/Art/Textures/JRPG/FrameSprite (2).png using Guid(0f81aa3865ac14a20840fafe16e8d10f) Importer(815301076,1909f56bfc062723c751e8b465ee728b)  -> (artifact id: 'c5059755c376e4e785353ca542ac1b70') in 0.025757 seconds 
  Import took 0.032920 seconds .

========================================================================
Received Import Request.
  Time since last request: 10.387509 seconds.
  path: Assets/Plugins/Pixel Crushers/Dialogue System/Prefabs/Art/Textures/JRPG/FrameSprite (2).png
  artifactKey: Guid(0f81aa3865ac14a20840fafe16e8d10f) Importer(815301076,1909f56bfc062723c751e8b465ee728b)
Start importing Assets/Plugins/Pixel Crushers/Dialogue System/Prefabs/Art/Textures/JRPG/FrameSprite (2).png using Guid(0f81aa3865ac14a20840fafe16e8d10f) Importer(815301076,1909f56bfc062723c751e8b465ee728b)  -> (artifact id: 'edd3213165ca5a893bd0ec52bbe48258') in 0.017854 seconds 
  Import took 0.024788 seconds .

========================================================================
Received Import Request.
  Time since last request: 9.021387 seconds.
  path: Assets/Plugins/Pixel Crushers/Dialogue System/Prefabs/Art/Textures/JRPG/FrameSprite (2).png
  artifactKey: Guid(0f81aa3865ac14a20840fafe16e8d10f) Importer(815301076,1909f56bfc062723c751e8b465ee728b)
Start importing Assets/Plugins/Pixel Crushers/Dialogue System/Prefabs/Art/Textures/JRPG/FrameSprite (2).png using Guid(0f81aa3865ac14a20840fafe16e8d10f) Importer(815301076,1909f56bfc062723c751e8b465ee728b)  -> (artifact id: '0a54bc52e618161f3d2c68b8612722ca') in 0.020735 seconds 
  Import took 0.027621 seconds .

========================================================================
Received Import Request.
  Time since last request: 257.607644 seconds.
  path: Assets/TextMesh Pro/Resources/Fonts & Materials/LiberationSans SDF - Fallback.asset
  artifactKey: Guid(2e498d1c8094910479dc3e1b768306a4) Importer(815301076,1909f56bfc062723c751e8b465ee728b)
Start importing Assets/TextMesh Pro/Resources/Fonts & Materials/LiberationSans SDF - Fallback.asset using Guid(2e498d1c8094910479dc3e1b768306a4) Importer(815301076,1909f56bfc062723c751e8b465ee728b)  -> (artifact id: '6e7192947edac3ad02f439e647489f91') in 0.967060 seconds 
  Import took 0.977499 seconds .

========================================================================
Received Import Request.
  Time since last request: 22.791053 seconds.
  path: Assets/TextMesh Pro/Examples & Extras/Resources/Fonts & Materials/Bangers SDF.asset
  artifactKey: Guid(125cb55b44b24c4393181402bc6200e6) Importer(815301076,1909f56bfc062723c751e8b465ee728b)
Start importing Assets/TextMesh Pro/Examples & Extras/Resources/Fonts & Materials/Bangers SDF.asset using Guid(125cb55b44b24c4393181402bc6200e6) Importer(815301076,1909f56bfc062723c751e8b465ee728b)  -> (artifact id: '53f61d8d7aca488f68cdeede820574e4') in 0.061963 seconds 
  Import took 0.068524 seconds .

========================================================================
Received Import Request.
  Time since last request: 0.000239 seconds.
  path: Assets/TextMesh Pro/Examples & Extras/Resources/Fonts & Materials/Roboto-Bold SDF.asset
  artifactKey: Guid(5302535af1044152a457ed104f1f4b91) Importer(815301076,1909f56bfc062723c751e8b465ee728b)
Start importing Assets/TextMesh Pro/Examples & Extras/Resources/Fonts & Materials/Roboto-Bold SDF.asset using Guid(5302535af1044152a457ed104f1f4b91) Importer(815301076,1909f56bfc062723c751e8b465ee728b)  -> (artifact id: '6bfd4506f1fc7607f492a34c838d37e0') in 0.026189 seconds 
  Import took 0.031700 seconds .

========================================================================
Received Import Request.
  Time since last request: 0.000254 seconds.
  path: Assets/TextMesh Pro/Examples & Extras/Resources/Fonts & Materials/Oswald Bold SDF.asset
  artifactKey: Guid(0161d805a3764c089bef00bfe00793f5) Importer(815301076,1909f56bfc062723c751e8b465ee728b)
Start importing Assets/TextMesh Pro/Examples & Extras/Resources/Fonts & Materials/Oswald Bold SDF.asset using Guid(0161d805a3764c089bef00bfe00793f5) Importer(815301076,1909f56bfc062723c751e8b465ee728b)  -> (artifact id: 'eb555c2926d3551a9ad2cdb4cdc3981a') in 0.026885 seconds 
  Import took 0.032249 seconds .

========================================================================
Received Import Request.
  Time since last request: 117.384802 seconds.
  path: Assets/TextMesh Pro/Resources/Fonts & Materials/LiberationSans SDF - Fallback.asset
  artifactKey: Guid(2e498d1c8094910479dc3e1b768306a4) Importer(815301076,1909f56bfc062723c751e8b465ee728b)
Start importing Assets/TextMesh Pro/Resources/Fonts & Materials/LiberationSans SDF - Fallback.asset using Guid(2e498d1c8094910479dc3e1b768306a4) Importer(815301076,1909f56bfc062723c751e8b465ee728b)  -> (artifact id: 'ce7db13dc0078e2365bd3bdd7e26cef6') in 0.066267 seconds 
  Import took 0.086344 seconds .

========================================================================
Received Import Request.
  Time since last request: 0.000747 seconds.
  path: Assets/TextMesh Pro/Examples & Extras/Resources/Fonts & Materials/Anton SDF.asset
  artifactKey: Guid(8a89fa14b10d46a99122fd4f73fca9a2) Importer(815301076,1909f56bfc062723c751e8b465ee728b)
Start importing Assets/TextMesh Pro/Examples & Extras/Resources/Fonts & Materials/Anton SDF.asset using Guid(8a89fa14b10d46a99122fd4f73fca9a2) Importer(815301076,1909f56bfc062723c751e8b465ee728b)  -> (artifact id: 'cf67ba54a02d0c3c97fab28b1922b704') in 0.026509 seconds 
  Import took 0.032516 seconds .

========================================================================
Received Import Request.
  Time since last request: 823.727438 seconds.
  path: Assets/Plugins/Pixel Crushers/Dialogue System/Prefabs/Art/Textures/JRPG/FrameSprite (3).png
  artifactKey: Guid(ae73c049da25a4a45afc57ccb0cc9b64) Importer(815301076,1909f56bfc062723c751e8b465ee728b)
Start importing Assets/Plugins/Pixel Crushers/Dialogue System/Prefabs/Art/Textures/JRPG/FrameSprite (3).png using Guid(ae73c049da25a4a45afc57ccb0cc9b64) Importer(815301076,1909f56bfc062723c751e8b465ee728b)  -> (artifact id: 'cbbbdc54d4375f20ef0090d6be8c3aae') in 0.138553 seconds 
  Import took 0.162656 seconds .

========================================================================
Received Import Request.
  Time since last request: 7.562651 seconds.
  path: Assets/Plugins/Pixel Crushers/Dialogue System/Prefabs/Art/Textures/JRPG/FrameSprite (3).png
  artifactKey: Guid(ae73c049da25a4a45afc57ccb0cc9b64) Importer(815301076,1909f56bfc062723c751e8b465ee728b)
Start importing Assets/Plugins/Pixel Crushers/Dialogue System/Prefabs/Art/Textures/JRPG/FrameSprite (3).png using Guid(ae73c049da25a4a45afc57ccb0cc9b64) Importer(815301076,1909f56bfc062723c751e8b465ee728b)  -> (artifact id: 'b6a13eb37a5cd878454d5490a8161c44') in 0.017529 seconds 
  Import took 0.026310 seconds .

========================================================================
Received Import Request.
  Time since last request: 19.519921 seconds.
  path: Assets/Plugins/Pixel Crushers/Dialogue System/Prefabs/Art/Textures/JRPG/FrameSprite (3).png
  artifactKey: Guid(ae73c049da25a4a45afc57ccb0cc9b64) Importer(815301076,1909f56bfc062723c751e8b465ee728b)
Start importing Assets/Plugins/Pixel Crushers/Dialogue System/Prefabs/Art/Textures/JRPG/FrameSprite (3).png using Guid(ae73c049da25a4a45afc57ccb0cc9b64) Importer(815301076,1909f56bfc062723c751e8b465ee728b)  -> (artifact id: '3626ed027eecbf53cfd8e73ca1f1afe1') in 0.019901 seconds 
  Import took 0.029677 seconds .

========================================================================
Received Import Request.
  Time since last request: 423.498994 seconds.
  path: Assets/TextMesh Pro/Examples & Extras/Resources/Fonts & Materials/Bangers SDF.asset
  artifactKey: Guid(125cb55b44b24c4393181402bc6200e6) Importer(815301076,1909f56bfc062723c751e8b465ee728b)
Start importing Assets/TextMesh Pro/Examples & Extras/Resources/Fonts & Materials/Bangers SDF.asset using Guid(125cb55b44b24c4393181402bc6200e6) Importer(815301076,1909f56bfc062723c751e8b465ee728b)  -> (artifact id: '13c64633324bb297ee4a4e42017c27d3') in 0.049880 seconds 
  Import took 0.059235 seconds .

========================================================================
Received Import Request.
  Time since last request: 0.000313 seconds.
  path: Assets/TextMesh Pro/Examples & Extras/Resources/Fonts & Materials/Roboto-Bold SDF.asset
  artifactKey: Guid(5302535af1044152a457ed104f1f4b91) Importer(815301076,1909f56bfc062723c751e8b465ee728b)
Start importing Assets/TextMesh Pro/Examples & Extras/Resources/Fonts & Materials/Roboto-Bold SDF.asset using Guid(5302535af1044152a457ed104f1f4b91) Importer(815301076,1909f56bfc062723c751e8b465ee728b)  -> (artifact id: '679c5340f90e079a0c8775a81b953cc0') in 0.026697 seconds 
  Import took 0.034557 seconds .

========================================================================
Received Import Request.
  Time since last request: 0.000340 seconds.
  path: Assets/TextMesh Pro/Examples & Extras/Resources/Fonts & Materials/Oswald Bold SDF.asset
  artifactKey: Guid(0161d805a3764c089bef00bfe00793f5) Importer(815301076,1909f56bfc062723c751e8b465ee728b)
Start importing Assets/TextMesh Pro/Examples & Extras/Resources/Fonts & Materials/Oswald Bold SDF.asset using Guid(0161d805a3764c089bef00bfe00793f5) Importer(815301076,1909f56bfc062723c751e8b465ee728b)  -> (artifact id: '0af1248d3251ed57f7dad350fda61544') in 0.025723 seconds 
  Import took 0.033330 seconds .

========================================================================
Received Import Request.
  Time since last request: 912.572110 seconds.
  path: Assets/Plugins/Pixel Crushers/Dialogue System/Prefabs/Art/Textures/JRPG/FrameSprite (4).png
  artifactKey: Guid(79c5ea03af19e492a8eece822324a7a6) Importer(815301076,1909f56bfc062723c751e8b465ee728b)
Start importing Assets/Plugins/Pixel Crushers/Dialogue System/Prefabs/Art/Textures/JRPG/FrameSprite (4).png using Guid(79c5ea03af19e492a8eece822324a7a6) Importer(815301076,1909f56bfc062723c751e8b465ee728b)  -> (artifact id: 'dbab99d3b8dabf253ccd468c56ca3d3f') in 0.052698 seconds 
  Import took 0.077831 seconds .

========================================================================
Received Import Request.
  Time since last request: 60.736582 seconds.
  path: Assets/Plugins/Pixel Crushers/Dialogue System/Prefabs/Art/Textures/JRPG/FrameSprite (5).png
  artifactKey: Guid(fa50522f988db4eb789a95e01395b2a7) Importer(815301076,1909f56bfc062723c751e8b465ee728b)
Start importing Assets/Plugins/Pixel Crushers/Dialogue System/Prefabs/Art/Textures/JRPG/FrameSprite (5).png using Guid(fa50522f988db4eb789a95e01395b2a7) Importer(815301076,1909f56bfc062723c751e8b465ee728b)  -> (artifact id: '896ba9816339e60e857b4fcbc1338e91') in 0.026550 seconds 
  Import took 0.034232 seconds .

========================================================================
Received Import Request.
  Time since last request: 56.986580 seconds.
  path: Assets/Plugins/Pixel Crushers/Dialogue System/Prefabs/Art/Textures/JRPG/FrameSprite (6).png
  artifactKey: Guid(ea5f4b199e5154b23b191464c020af2d) Importer(815301076,1909f56bfc062723c751e8b465ee728b)
Start importing Assets/Plugins/Pixel Crushers/Dialogue System/Prefabs/Art/Textures/JRPG/FrameSprite (6).png using Guid(ea5f4b199e5154b23b191464c020af2d) Importer(815301076,1909f56bfc062723c751e8b465ee728b)  -> (artifact id: '9a4923228857ff93b2a8c4f0f7ac43d2') in 0.022214 seconds 
  Import took 0.028400 seconds .

========================================================================
Received Import Request.
  Time since last request: 33.631866 seconds.
  path: Assets/Plugins/Pixel Crushers/Dialogue System/Prefabs/Art/Textures/JRPG/FrameSprite (6).png
  artifactKey: Guid(ea5f4b199e5154b23b191464c020af2d) Importer(815301076,1909f56bfc062723c751e8b465ee728b)
Start importing Assets/Plugins/Pixel Crushers/Dialogue System/Prefabs/Art/Textures/JRPG/FrameSprite (6).png using Guid(ea5f4b199e5154b23b191464c020af2d) Importer(815301076,1909f56bfc062723c751e8b465ee728b)  -> (artifact id: '644b2757d9b39527258c96928e6f5fea') in 0.017251 seconds 
  Import took 0.024525 seconds .

========================================================================
Received Import Request.
  Time since last request: 30.451163 seconds.
  path: Assets/Plugins/Pixel Crushers/Dialogue System/Prefabs/Art/Textures/JRPG/FrameSprite (6).png
  artifactKey: Guid(ea5f4b199e5154b23b191464c020af2d) Importer(815301076,1909f56bfc062723c751e8b465ee728b)
Start importing Assets/Plugins/Pixel Crushers/Dialogue System/Prefabs/Art/Textures/JRPG/FrameSprite (6).png using Guid(ea5f4b199e5154b23b191464c020af2d) Importer(815301076,1909f56bfc062723c751e8b465ee728b)  -> (artifact id: '11d36564bb461ada786978158866e405') in 0.063499 seconds 
  Import took 0.077086 seconds .

========================================================================
Received Import Request.
  Time since last request: 1952.318925 seconds.
  path: Assets/TextMesh Pro/Resources/Fonts & Materials/LiberationSans SDF - Fallback.asset
  artifactKey: Guid(2e498d1c8094910479dc3e1b768306a4) Importer(815301076,1909f56bfc062723c751e8b465ee728b)
Start importing Assets/TextMesh Pro/Resources/Fonts & Materials/LiberationSans SDF - Fallback.asset using Guid(2e498d1c8094910479dc3e1b768306a4) Importer(815301076,1909f56bfc062723c751e8b465ee728b)  -> (artifact id: 'dcdcff3987119f7f27475721943a7b29') in 0.063041 seconds 
  Import took 0.083486 seconds .

========================================================================
Received Import Request.
  Time since last request: 0.532638 seconds.
  path: Assets/TextMesh Pro/Examples & Extras/Resources/Fonts & Materials/Oswald Bold SDF.asset
  artifactKey: Guid(0161d805a3764c089bef00bfe00793f5) Importer(815301076,1909f56bfc062723c751e8b465ee728b)
Start importing Assets/TextMesh Pro/Examples & Extras/Resources/Fonts & Materials/Oswald Bold SDF.asset using Guid(0161d805a3764c089bef00bfe00793f5) Importer(815301076,1909f56bfc062723c751e8b465ee728b)  -> (artifact id: '6703b798fdee8d350533bff33be0b98d') in 0.028363 seconds 
  Import took 0.034963 seconds .

========================================================================
Received Import Request.
  Time since last request: 0.000249 seconds.
  path: Assets/TextMesh Pro/Examples & Extras/Resources/Fonts & Materials/Roboto-Bold SDF.asset
  artifactKey: Guid(5302535af1044152a457ed104f1f4b91) Importer(815301076,1909f56bfc062723c751e8b465ee728b)
Start importing Assets/TextMesh Pro/Examples & Extras/Resources/Fonts & Materials/Roboto-Bold SDF.asset using Guid(5302535af1044152a457ed104f1f4b91) Importer(815301076,1909f56bfc062723c751e8b465ee728b)  -> (artifact id: '5f30d537731a3529f47a7957d7985da4') in 0.040210 seconds 
  Import took 0.046799 seconds .

========================================================================
Received Import Request.
  Time since last request: 97.085465 seconds.
  path: Assets/TextMesh Pro/Resources/Fonts & Materials/LiberationSans SDF - Fallback.asset
  artifactKey: Guid(2e498d1c8094910479dc3e1b768306a4) Importer(815301076,1909f56bfc062723c751e8b465ee728b)
Start importing Assets/TextMesh Pro/Resources/Fonts & Materials/LiberationSans SDF - Fallback.asset using Guid(2e498d1c8094910479dc3e1b768306a4) Importer(815301076,1909f56bfc062723c751e8b465ee728b)  -> (artifact id: '473e0afcaac06a1b9716946b6f71652f') in 0.039300 seconds 
  Import took 0.045877 seconds .

========================================================================
Received Import Request.
  Time since last request: 390.073468 seconds.
  path: Assets/Scenes/main.unity
  artifactKey: Guid(902ab73e142fe4b4f89c37d481ee3b11) Importer(815301076,1909f56bfc062723c751e8b465ee728b)
Start importing Assets/Scenes/main.unity using Guid(902ab73e142fe4b4f89c37d481ee3b11) Importer(815301076,1909f56bfc062723c751e8b465ee728b)  -> (artifact id: 'cedd0397b0a5419bc6bed7f30268d5b8') in 0.005879 seconds 
  Import took 0.027328 seconds .

